{
  "RSpec": {
    "coverage": {
      "/Users/steve/code/receta/app/helpers/application_helper.rb": [
        1,
        null
      ],
      "/Users/steve/code/receta/app/helpers/home_helper.rb": [
        1,
        null
      ],
      "/Users/steve/code/receta/app/helpers/recipes_helper.rb": [
        1,
        null
      ],
      "/Users/steve/code/receta/app/controllers/home_controller.rb": [
        1,
        1,
        null,
        null
      ],
      "/Users/steve/code/receta/app/controllers/application_controller.rb": [
        1,
        null,
        null,
        1,
        null
      ],
      "/Users/steve/code/receta/app/controllers/recipes_controller.rb": [
        1,
        1,
        1,
        null,
        null,
        1,
        1,
        null,
        null,
        1,
        0,
        null,
        null,
        1,
        3,
        3,
        2,
        2,
        null,
        1,
        null,
        null,
        null
      ],
      "/Users/steve/code/receta/app/models/recipe.rb": [
        1,
        1,
        null
      ]
    },
    "timestamp": 1403485372
  }
}
